<?xml version="1.0" encoding="UTF-8"?>
<!-- Generated by org.testng.reporters.JUnitXMLReporter -->
<testsuite hostname="GLB-L2390" ignored="0" name="Default test" tests="10" failures="0" timestamp="18 oct 2017 00:00:01 GMT" time="0.183" errors="0">
  <testcase name="Test1" time="0.01" classname="session1.Test1"/>
  <testcase name="Test1" time="0.0" classname="session1.Test1"/>
  <testcase name="Test1" time="0.0" classname="session1.Test1"/>
  <testcase name="Test2" time="0.0" classname="session1.Test1"/>
  <testcase name="Test2" time="0.0" classname="session1.Test1"/>
  <testcase name="Test2" time="0.001" classname="session1.Test1"/>
  <testcase name="Test2" time="0.0" classname="session1.Test1"/>
  <testcase name="Test3" time="0.042" classname="session1.Test1"/>
  <testcase name="Test4" time="0.0" classname="session1.Test1"/>
  <testcase name="Test4" time="0.01" classname="session1.Test1"/>
</testsuite> <!-- Default test -->
