<?xml version="1.0" encoding="UTF-8"?>
<!-- Generated by org.testng.reporters.JUnitXMLReporter -->
<testsuite hostname="GLB-L2390" ignored="0" name="Test" tests="10" failures="0" timestamp="17 oct 2017 23:32:20 GMT" time="0.156" errors="0">
  <testcase name="Test1" time="0.01" classname="session1.Test1"/>
  <testcase name="Test1" time="0.0" classname="session1.Test1"/>
  <testcase name="Test1" time="0.0" classname="session1.Test1"/>
  <testcase name="Test2" time="0.0" classname="session1.Test1"/>
  <testcase name="Test2" time="0.001" classname="session1.Test1"/>
  <testcase name="Test2" time="0.0" classname="session1.Test1"/>
  <testcase name="Test2" time="0.0" classname="session1.Test1"/>
  <testcase name="Test3" time="0.029" classname="session1.Test1"/>
  <testcase name="Test4" time="0.004" classname="session1.Test1"/>
  <testcase name="Test4" time="0.01" classname="session1.Test1"/>
</testsuite> <!-- Test -->
