<?xml version="1.0" encoding="UTF-8"?>
<testng-results skipped="0" failed="0" ignored="0" total="10" passed="10">
  <reporter-output>
  </reporter-output>
  <suite name="Default suite" duration-ms="183" started-at="2017-10-18T17:03:15Z" finished-at="2017-10-18T17:03:15Z">
    <groups>
      <group name="Regression">
        <method signature="Test1.Test1(java.lang.Integer, java.lang.Integer)[pri:0, instance:session1.Test1@56f4468b]" name="Test1" class="session1.Test1"/>
        <method signature="Test1.Test2(java.lang.String, java.lang.String, java.lang.String)[pri:0, instance:session1.Test1@56f4468b]" name="Test2" class="session1.Test1"/>
      </group> <!-- Regression -->
      <group name="Smoke">
        <method signature="Test1.Test1(java.lang.Integer, java.lang.Integer)[pri:0, instance:session1.Test1@56f4468b]" name="Test1" class="session1.Test1"/>
        <method signature="Test1.Test2(java.lang.String, java.lang.String, java.lang.String)[pri:0, instance:session1.Test1@56f4468b]" name="Test2" class="session1.Test1"/>
        <method signature="Test1.Test3(java.lang.String)[pri:0, instance:session1.Test1@56f4468b]" name="Test3" class="session1.Test1"/>
        <method signature="Test1.Test4(java.lang.String, int, int)[pri:0, instance:session1.Test1@56f4468b]" name="Test4" class="session1.Test1"/>
      </group> <!-- Smoke -->
    </groups>
    <test name="Default test" duration-ms="183" started-at="2017-10-18T17:03:15Z" finished-at="2017-10-18T17:03:15Z">
      <class name="session1.Test1">
        <test-method status="PASS" signature="beforeSuite()[pri:0, instance:session1.Test1@56f4468b]" name="beforeSuite" is-config="true" duration-ms="26" started-at="2017-10-18T14:03:15Z" finished-at="2017-10-18T14:03:15Z">
          <reporter-output>
          </reporter-output>
        </test-method> <!-- beforeSuite -->
        <test-method status="PASS" signature="beforeClass()[pri:0, instance:session1.Test1@56f4468b]" name="beforeClass" is-config="true" duration-ms="0" started-at="2017-10-18T14:03:15Z" finished-at="2017-10-18T14:03:15Z">
          <reporter-output>
          </reporter-output>
        </test-method> <!-- beforeClass -->
        <test-method status="PASS" signature="beforeMethod()[pri:0, instance:session1.Test1@56f4468b]" name="beforeMethod" is-config="true" duration-ms="0" started-at="2017-10-18T14:03:15Z" finished-at="2017-10-18T14:03:15Z">
          <reporter-output>
          </reporter-output>
        </test-method> <!-- beforeMethod -->
        <test-method status="PASS" signature="Test1(java.lang.Integer, java.lang.Integer)[pri:0, instance:session1.Test1@56f4468b]" name="Test1" duration-ms="15" started-at="2017-10-18T14:03:15Z" data-provider="Mult" finished-at="2017-10-18T14:03:15Z">
          <params>
            <param index="0">
              <value>
                <![CDATA[1]]>
              </value>
            </param>
            <param index="1">
              <value>
                <![CDATA[2]]>
              </value>
            </param>
          </params>
          <reporter-output>
          </reporter-output>
        </test-method> <!-- Test1 -->
        <test-method status="PASS" signature="beforeMethod()[pri:0, instance:session1.Test1@56f4468b]" name="beforeMethod" is-config="true" duration-ms="0" started-at="2017-10-18T14:03:15Z" finished-at="2017-10-18T14:03:15Z">
          <reporter-output>
          </reporter-output>
        </test-method> <!-- beforeMethod -->
        <test-method status="PASS" signature="Test1(java.lang.Integer, java.lang.Integer)[pri:0, instance:session1.Test1@56f4468b]" name="Test1" duration-ms="3" started-at="2017-10-18T14:03:15Z" data-provider="Mult" finished-at="2017-10-18T14:03:15Z">
          <params>
            <param index="0">
              <value>
                <![CDATA[3]]>
              </value>
            </param>
            <param index="1">
              <value>
                <![CDATA[4]]>
              </value>
            </param>
          </params>
          <reporter-output>
          </reporter-output>
        </test-method> <!-- Test1 -->
        <test-method status="PASS" signature="beforeMethod()[pri:0, instance:session1.Test1@56f4468b]" name="beforeMethod" is-config="true" duration-ms="1" started-at="2017-10-18T14:03:15Z" finished-at="2017-10-18T14:03:15Z">
          <reporter-output>
          </reporter-output>
        </test-method> <!-- beforeMethod -->
        <test-method status="PASS" signature="Test1(java.lang.Integer, java.lang.Integer)[pri:0, instance:session1.Test1@56f4468b]" name="Test1" duration-ms="4" started-at="2017-10-18T14:03:15Z" data-provider="Mult" finished-at="2017-10-18T14:03:15Z">
          <params>
            <param index="0">
              <value>
                <![CDATA[5]]>
              </value>
            </param>
            <param index="1">
              <value>
                <![CDATA[6]]>
              </value>
            </param>
          </params>
          <reporter-output>
          </reporter-output>
        </test-method> <!-- Test1 -->
        <test-method status="PASS" signature="beforeMethod()[pri:0, instance:session1.Test1@56f4468b]" name="beforeMethod" is-config="true" duration-ms="1" started-at="2017-10-18T14:03:15Z" finished-at="2017-10-18T14:03:15Z">
          <reporter-output>
          </reporter-output>
        </test-method> <!-- beforeMethod -->
        <test-method status="PASS" signature="Test2(java.lang.String, java.lang.String, java.lang.String)[pri:0, instance:session1.Test1@56f4468b]" name="Test2" duration-ms="3" started-at="2017-10-18T14:03:15Z" data-provider="Concat" finished-at="2017-10-18T14:03:15Z">
          <params>
            <param index="0">
              <value>
                <![CDATA[Word1]]>
              </value>
            </param>
            <param index="1">
              <value>
                <![CDATA[Word2]]>
              </value>
            </param>
            <param index="2">
              <value>
                <![CDATA[Word3]]>
              </value>
            </param>
          </params>
          <reporter-output>
          </reporter-output>
        </test-method> <!-- Test2 -->
        <test-method status="PASS" signature="beforeMethod()[pri:0, instance:session1.Test1@56f4468b]" name="beforeMethod" is-config="true" duration-ms="1" started-at="2017-10-18T14:03:15Z" finished-at="2017-10-18T14:03:15Z">
          <reporter-output>
          </reporter-output>
        </test-method> <!-- beforeMethod -->
        <test-method status="PASS" signature="Test2(java.lang.String, java.lang.String, java.lang.String)[pri:0, instance:session1.Test1@56f4468b]" name="Test2" duration-ms="3" started-at="2017-10-18T14:03:15Z" data-provider="Concat" finished-at="2017-10-18T14:03:15Z">
          <params>
            <param index="0">
              <value>
                <![CDATA[Word4]]>
              </value>
            </param>
            <param index="1">
              <value>
                <![CDATA[Word5]]>
              </value>
            </param>
            <param index="2">
              <value>
                <![CDATA[Word6]]>
              </value>
            </param>
          </params>
          <reporter-output>
          </reporter-output>
        </test-method> <!-- Test2 -->
        <test-method status="PASS" signature="beforeMethod()[pri:0, instance:session1.Test1@56f4468b]" name="beforeMethod" is-config="true" duration-ms="1" started-at="2017-10-18T14:03:15Z" finished-at="2017-10-18T14:03:15Z">
          <reporter-output>
          </reporter-output>
        </test-method> <!-- beforeMethod -->
        <test-method status="PASS" signature="Test2(java.lang.String, java.lang.String, java.lang.String)[pri:0, instance:session1.Test1@56f4468b]" name="Test2" duration-ms="3" started-at="2017-10-18T14:03:15Z" data-provider="Concat" finished-at="2017-10-18T14:03:15Z">
          <params>
            <param index="0">
              <value>
                <![CDATA[Word7]]>
              </value>
            </param>
            <param index="1">
              <value>
                <![CDATA[Word8]]>
              </value>
            </param>
            <param index="2">
              <value>
                <![CDATA[Word9]]>
              </value>
            </param>
          </params>
          <reporter-output>
          </reporter-output>
        </test-method> <!-- Test2 -->
        <test-method status="PASS" signature="beforeMethod()[pri:0, instance:session1.Test1@56f4468b]" name="beforeMethod" is-config="true" duration-ms="0" started-at="2017-10-18T14:03:15Z" finished-at="2017-10-18T14:03:15Z">
          <reporter-output>
          </reporter-output>
        </test-method> <!-- beforeMethod -->
        <test-method status="PASS" signature="Test2(java.lang.String, java.lang.String, java.lang.String)[pri:0, instance:session1.Test1@56f4468b]" name="Test2" duration-ms="4" started-at="2017-10-18T14:03:15Z" data-provider="Concat" finished-at="2017-10-18T14:03:15Z">
          <params>
            <param index="0">
              <value>
                <![CDATA[Word10]]>
              </value>
            </param>
            <param index="1">
              <value>
                <![CDATA[Word11]]>
              </value>
            </param>
            <param index="2">
              <value>
                <![CDATA[Word12]]>
              </value>
            </param>
          </params>
          <reporter-output>
          </reporter-output>
        </test-method> <!-- Test2 -->
        <test-method status="PASS" signature="beforeMethod()[pri:0, instance:session1.Test1@56f4468b]" name="beforeMethod" is-config="true" duration-ms="1" started-at="2017-10-18T14:03:15Z" finished-at="2017-10-18T14:03:15Z">
          <reporter-output>
          </reporter-output>
        </test-method> <!-- beforeMethod -->
        <test-method status="PASS" signature="Test3(java.lang.String)[pri:0, instance:session1.Test1@56f4468b]" name="Test3" duration-ms="38" started-at="2017-10-18T14:03:15Z" finished-at="2017-10-18T14:03:15Z">
          <params>
            <param index="0">
              <value>
                <![CDATA[2017-10-19]]>
              </value>
            </param>
          </params>
          <reporter-output>
          </reporter-output>
        </test-method> <!-- Test3 -->
        <test-method status="PASS" signature="beforeMethod()[pri:0, instance:session1.Test1@56f4468b]" name="beforeMethod" is-config="true" duration-ms="0" started-at="2017-10-18T14:03:15Z" finished-at="2017-10-18T14:03:15Z">
          <reporter-output>
          </reporter-output>
        </test-method> <!-- beforeMethod -->
        <test-method status="PASS" signature="Test4(java.lang.String, int, int)[pri:0, instance:session1.Test1@56f4468b]" name="Test4" duration-ms="3" started-at="2017-10-18T14:03:15Z" data-provider="Ambiente" finished-at="2017-10-18T14:03:15Z">
          <params>
            <param index="0">
              <value>
                <![CDATA[AMBIENTE1]]>
              </value>
            </param>
            <param index="1">
              <value>
                <![CDATA[26]]>
              </value>
            </param>
            <param index="2">
              <value>
                <![CDATA[15]]>
              </value>
            </param>
          </params>
          <reporter-output>
          </reporter-output>
        </test-method> <!-- Test4 -->
        <test-method status="PASS" signature="beforeMethod()[pri:0, instance:session1.Test1@56f4468b]" name="beforeMethod" is-config="true" duration-ms="1" started-at="2017-10-18T14:03:15Z" finished-at="2017-10-18T14:03:15Z">
          <reporter-output>
          </reporter-output>
        </test-method> <!-- beforeMethod -->
        <test-method status="PASS" signature="Test4(java.lang.String, int, int)[pri:0, instance:session1.Test1@56f4468b]" name="Test4" duration-ms="3" started-at="2017-10-18T14:03:15Z" data-provider="Ambiente" finished-at="2017-10-18T14:03:15Z">
          <params>
            <param index="0">
              <value>
                <![CDATA[AMBIENTE2]]>
              </value>
            </param>
            <param index="1">
              <value>
                <![CDATA[42]]>
              </value>
            </param>
            <param index="2">
              <value>
                <![CDATA[9]]>
              </value>
            </param>
          </params>
          <reporter-output>
          </reporter-output>
        </test-method> <!-- Test4 -->
        <test-method status="PASS" signature="afterClass()[pri:0, instance:session1.Test1@56f4468b]" name="afterClass" is-config="true" duration-ms="0" started-at="2017-10-18T14:03:15Z" finished-at="2017-10-18T14:03:15Z">
          <reporter-output>
          </reporter-output>
        </test-method> <!-- afterClass -->
        <test-method status="PASS" signature="afterSuite()[pri:0, instance:session1.Test1@56f4468b]" name="afterSuite" is-config="true" duration-ms="1" started-at="2017-10-18T14:03:16Z" finished-at="2017-10-18T14:03:16Z">
          <reporter-output>
          </reporter-output>
        </test-method> <!-- afterSuite -->
      </class> <!-- session1.Test1 -->
    </test> <!-- Default test -->
  </suite> <!-- Default suite -->
</testng-results>
